Executed [mlclient::Response *mlclient::internals::AuthenticatingProxy::putSync(const std::string &, const std::string &, const mlclient::IDocumentContent &, const mlclient::HttpHeaders &)] in [16 ms]
Executed [virtual mlclient::Response *mlclient::Connection::saveDocument(const std::string &, const mlclient::IDocumentContent &)] in [16 ms]
Executed [void ConnectionDocumentCrudTest::testSaveJson()] in [17 ms]
Executed [mlclient::ResponseType mlclient::Response::Impl::parseContentTypeHeader(const std::string &)] in [0 ms]
Executed [mlclient::ResponseType mlclient::Response::Impl::parseContentTypeHeader(const std::string &)] in [0 ms]
Executed [mlclient::Response *mlclient::internals::AuthenticatingProxy::getSync(const std::string &, const std::string &, const mlclient::HttpHeaders &)] in [6 ms]
Executed [virtual mlclient::Response *mlclient::Connection::getDocument(const std::string &)] in [6 ms]
Executed [void ConnectionDocumentCrudTest::testGetJson()] in [6 ms]
Executed [mlclient::Response *mlclient::internals::AuthenticatingProxy::deleteSync(const std::string &, const std::string &, const mlclient::HttpHeaders &)] in [4 ms]
Executed [virtual mlclient::Response *mlclient::Connection::deleteDocument(const std::string &)] in [4 ms]
Executed [void ConnectionDocumentCrudTest::testDeleteJson()] in [4 ms]
Executed [mlclient::Response *mlclient::internals::AuthenticatingProxy::putSync(const std::string &, const std::string &, const mlclient::IDocumentContent &, const mlclient::HttpHeaders &)] in [6 ms]
Executed [virtual mlclient::Response *mlclient::Connection::saveDocument(const std::string &, const mlclient::IDocumentContent &)] in [6 ms]
Executed [void ConnectionDocumentCrudTest::testSaveXml()] in [6 ms]
Executed [mlclient::ResponseType mlclient::Response::Impl::parseContentTypeHeader(const std::string &)] in [0 ms]
Executed [mlclient::ResponseType mlclient::Response::Impl::parseContentTypeHeader(const std::string &)] in [0 ms]
Executed [mlclient::Response *mlclient::internals::AuthenticatingProxy::getSync(const std::string &, const std::string &, const mlclient::HttpHeaders &)] in [7 ms]
Executed [virtual mlclient::Response *mlclient::Connection::getDocument(const std::string &)] in [7 ms]
Executed [void ConnectionDocumentCrudTest::testGetXml()] in [7 ms]
Executed [mlclient::Response *mlclient::internals::AuthenticatingProxy::deleteSync(const std::string &, const std::string &, const mlclient::HttpHeaders &)] in [3 ms]
Executed [virtual mlclient::Response *mlclient::Connection::deleteDocument(const std::string &)] in [3 ms]
Executed [void ConnectionDocumentCrudTest::testDeleteXml()] in [3 ms]
Executed [mlclient::Response *mlclient::internals::AuthenticatingProxy::putSync(const std::string &, const std::string &, const mlclient::IDocumentContent &, const mlclient::HttpHeaders &)] in [4 ms]
Executed [virtual mlclient::Response *mlclient::Connection::saveDocument(const std::string &, const mlclient::IDocumentContent &)] in [4 ms]
Executed [void ConnectionDocumentCrudTest::testSaveText()] in [4 ms]
Executed [mlclient::ResponseType mlclient::Response::Impl::parseContentTypeHeader(const std::string &)] in [0 ms]
Executed [mlclient::ResponseType mlclient::Response::Impl::parseContentTypeHeader(const std::string &)] in [0 ms]
Executed [mlclient::Response *mlclient::internals::AuthenticatingProxy::getSync(const std::string &, const std::string &, const mlclient::HttpHeaders &)] in [3 ms]
Executed [virtual mlclient::Response *mlclient::Connection::getDocument(const std::string &)] in [3 ms]
Executed [void ConnectionDocumentCrudTest::testGetText()] in [3 ms]
Executed [mlclient::Response *mlclient::internals::AuthenticatingProxy::deleteSync(const std::string &, const std::string &, const mlclient::HttpHeaders &)] in [2 ms]
Executed [virtual mlclient::Response *mlclient::Connection::deleteDocument(const std::string &)] in [2 ms]
Executed [void ConnectionDocumentCrudTest::testDeleteText()] in [3 ms]
Executed [mlclient::ITextDocumentContent *mlclient::SearchDescription::getPayload() const] in [0 ms]
Executed [mlclient::ResponseType mlclient::Response::Impl::parseContentTypeHeader(const std::string &)] in [0 ms]
Executed [mlclient::ResponseType mlclient::Response::Impl::parseContentTypeHeader(const std::string &)] in [0 ms]
Executed [mlclient::Response *mlclient::internals::AuthenticatingProxy::postSync(const std::string &, const std::string &, const mlclient::IDocumentContent &, const mlclient::HttpHeaders &)] in [29 ms]
Executed [virtual mlclient::Response *mlclient::Connection::search(const mlclient::SearchDescription &)] in [30 ms]
Executed [void ConnectionSearchTest::testEmptySearch()] in [31 ms]
Executed [mlclient::ITextDocumentContent *mlclient::SearchDescription::getPayload() const] in [0 ms]
Executed [mlclient::ResponseType mlclient::Response::Impl::parseContentTypeHeader(const std::string &)] in [0 ms]
Executed [mlclient::ResponseType mlclient::Response::Impl::parseContentTypeHeader(const std::string &)] in [0 ms]
Executed [mlclient::Response *mlclient::internals::AuthenticatingProxy::postSync(const std::string &, const std::string &, const mlclient::IDocumentContent &, const mlclient::HttpHeaders &)] in [21 ms]
Executed [virtual mlclient::Response *mlclient::Connection::search(const mlclient::SearchDescription &)] in [21 ms]
Executed [void ConnectionSearchTest::testQueryText()] in [22 ms]
Executed [mlclient::ITextDocumentContent *mlclient::SearchDescription::getPayload() const] in [0 ms]
Executed [mlclient::ResponseType mlclient::Response::Impl::parseContentTypeHeader(const std::string &)] in [0 ms]
Executed [mlclient::ResponseType mlclient::Response::Impl::parseContentTypeHeader(const std::string &)] in [0 ms]
Executed [mlclient::Response *mlclient::internals::AuthenticatingProxy::postSync(const std::string &, const std::string &, const mlclient::IDocumentContent &, const mlclient::HttpHeaders &)] in [26 ms]
Executed [virtual mlclient::Response *mlclient::Connection::search(const mlclient::SearchDescription &)] in [27 ms]
Executed [void ConnectionSearchTest::testWordQuery()] in [28 ms]
Executed [mlclient::ITextDocumentContent *mlclient::SearchDescription::getPayload() const] in [0 ms]
Executed [mlclient::ResponseType mlclient::Response::Impl::parseContentTypeHeader(const std::string &)] in [0 ms]
Executed [mlclient::ResponseType mlclient::Response::Impl::parseContentTypeHeader(const std::string &)] in [0 ms]
Executed [mlclient::Response *mlclient::internals::AuthenticatingProxy::postSync(const std::string &, const std::string &, const mlclient::IDocumentContent &, const mlclient::HttpHeaders &)] in [24 ms]
Executed [virtual mlclient::Response *mlclient::Connection::search(const mlclient::SearchDescription &)] in [24 ms]
Executed [static web::json::value mlclient::utilities::CppRestJsonHelper::fromResponse(const mlclient::Response &)] in [0 ms]
Executed [void SearchResultSetTest::testEmptySearch()] in [26 ms]
Executed [mlclient::ResponseType mlclient::Response::Impl::parseContentTypeHeader(const std::string &)] in [0 ms]
Executed [mlclient::ResponseType mlclient::Response::Impl::parseContentTypeHeader(const std::string &)] in [0 ms]
Executed [mlclient::Response *mlclient::internals::AuthenticatingProxy::postSync(const std::string &, const std::string &, const mlclient::IDocumentContent &, const mlclient::HttpHeaders &)] in [13 ms]
Executed [static web::json::value mlclient::utilities::CppRestJsonHelper::fromResponse(const mlclient::Response &)] in [0 ms]
Executed [void ConnectionCollectionsTest::testListTopLevelCollections()] in [14 ms]
Executed [mlclient::ResponseType mlclient::Response::Impl::parseContentTypeHeader(const std::string &)] in [0 ms]
Executed [mlclient::ResponseType mlclient::Response::Impl::parseContentTypeHeader(const std::string &)] in [0 ms]
Executed [mlclient::Response *mlclient::internals::AuthenticatingProxy::postSync(const std::string &, const std::string &, const mlclient::IDocumentContent &, const mlclient::HttpHeaders &)] in [1041 ms]
Executed [static web::json::value mlclient::utilities::CppRestJsonHelper::fromResponse(const mlclient::Response &)] in [0 ms]
Executed [void ConnectionCollectionsTest::testListTopLevelCollections()] in [1043 ms]
Executed [mlclient::Response *mlclient::internals::AuthenticatingProxy::putSync(const std::string &, const std::string &, const mlclient::IDocumentContent &, const mlclient::HttpHeaders &)] in [387 ms]
Executed [virtual mlclient::Response *mlclient::Connection::saveDocument(const std::string &, const mlclient::IDocumentContent &)] in [387 ms]
Executed [void ConnectionDocumentCrudTest::testSaveJson()] in [388 ms]
Executed [mlclient::ResponseType mlclient::Response::Impl::parseContentTypeHeader(const std::string &)] in [0 ms]
Executed [mlclient::ResponseType mlclient::Response::Impl::parseContentTypeHeader(const std::string &)] in [0 ms]
Executed [mlclient::Response *mlclient::internals::AuthenticatingProxy::getSync(const std::string &, const std::string &, const mlclient::HttpHeaders &)] in [321 ms]
Executed [virtual mlclient::Response *mlclient::Connection::getDocument(const std::string &)] in [321 ms]
Executed [void ConnectionDocumentCrudTest::testGetJson()] in [321 ms]
Executed [mlclient::Response *mlclient::internals::AuthenticatingProxy::deleteSync(const std::string &, const std::string &, const mlclient::HttpHeaders &)] in [5 ms]
Executed [virtual mlclient::Response *mlclient::Connection::deleteDocument(const std::string &)] in [5 ms]
Executed [void ConnectionDocumentCrudTest::testDeleteJson()] in [5 ms]
Executed [mlclient::Response *mlclient::internals::AuthenticatingProxy::putSync(const std::string &, const std::string &, const mlclient::IDocumentContent &, const mlclient::HttpHeaders &)] in [5 ms]
Executed [virtual mlclient::Response *mlclient::Connection::saveDocument(const std::string &, const mlclient::IDocumentContent &)] in [5 ms]
Executed [void ConnectionDocumentCrudTest::testSaveXml()] in [6 ms]
Executed [mlclient::ResponseType mlclient::Response::Impl::parseContentTypeHeader(const std::string &)] in [0 ms]
Executed [mlclient::ResponseType mlclient::Response::Impl::parseContentTypeHeader(const std::string &)] in [0 ms]
Executed [mlclient::Response *mlclient::internals::AuthenticatingProxy::getSync(const std::string &, const std::string &, const mlclient::HttpHeaders &)] in [3 ms]
Executed [virtual mlclient::Response *mlclient::Connection::getDocument(const std::string &)] in [3 ms]
Executed [void ConnectionDocumentCrudTest::testGetXml()] in [4 ms]
Executed [mlclient::Response *mlclient::internals::AuthenticatingProxy::deleteSync(const std::string &, const std::string &, const mlclient::HttpHeaders &)] in [3 ms]
Executed [virtual mlclient::Response *mlclient::Connection::deleteDocument(const std::string &)] in [3 ms]
Executed [void ConnectionDocumentCrudTest::testDeleteXml()] in [3 ms]
Executed [mlclient::Response *mlclient::internals::AuthenticatingProxy::putSync(const std::string &, const std::string &, const mlclient::IDocumentContent &, const mlclient::HttpHeaders &)] in [4 ms]
Executed [virtual mlclient::Response *mlclient::Connection::saveDocument(const std::string &, const mlclient::IDocumentContent &)] in [4 ms]
Executed [void ConnectionDocumentCrudTest::testSaveText()] in [4 ms]
Executed [mlclient::ResponseType mlclient::Response::Impl::parseContentTypeHeader(const std::string &)] in [0 ms]
Executed [mlclient::ResponseType mlclient::Response::Impl::parseContentTypeHeader(const std::string &)] in [0 ms]
Executed [mlclient::Response *mlclient::internals::AuthenticatingProxy::getSync(const std::string &, const std::string &, const mlclient::HttpHeaders &)] in [3 ms]
Executed [virtual mlclient::Response *mlclient::Connection::getDocument(const std::string &)] in [3 ms]
Executed [void ConnectionDocumentCrudTest::testGetText()] in [3 ms]
Executed [mlclient::Response *mlclient::internals::AuthenticatingProxy::deleteSync(const std::string &, const std::string &, const mlclient::HttpHeaders &)] in [2 ms]
Executed [virtual mlclient::Response *mlclient::Connection::deleteDocument(const std::string &)] in [3 ms]
Executed [void ConnectionDocumentCrudTest::testDeleteText()] in [3 ms]
Executed [mlclient::ITextDocumentContent *mlclient::SearchDescription::getPayload() const] in [0 ms]
Executed [mlclient::ResponseType mlclient::Response::Impl::parseContentTypeHeader(const std::string &)] in [0 ms]
Executed [mlclient::ResponseType mlclient::Response::Impl::parseContentTypeHeader(const std::string &)] in [0 ms]
Executed [mlclient::Response *mlclient::internals::AuthenticatingProxy::postSync(const std::string &, const std::string &, const mlclient::IDocumentContent &, const mlclient::HttpHeaders &)] in [674 ms]
Executed [virtual mlclient::Response *mlclient::Connection::search(const mlclient::SearchDescription &)] in [675 ms]
Executed [void ConnectionSearchTest::testEmptySearch()] in [677 ms]
Executed [mlclient::ITextDocumentContent *mlclient::SearchDescription::getPayload() const] in [0 ms]
Executed [mlclient::ResponseType mlclient::Response::Impl::parseContentTypeHeader(const std::string &)] in [0 ms]
Executed [mlclient::ResponseType mlclient::Response::Impl::parseContentTypeHeader(const std::string &)] in [0 ms]
Executed [mlclient::Response *mlclient::internals::AuthenticatingProxy::postSync(const std::string &, const std::string &, const mlclient::IDocumentContent &, const mlclient::HttpHeaders &)] in [26 ms]
Executed [virtual mlclient::Response *mlclient::Connection::search(const mlclient::SearchDescription &)] in [26 ms]
Executed [void ConnectionSearchTest::testQueryText()] in [27 ms]
Executed [mlclient::ITextDocumentContent *mlclient::SearchDescription::getPayload() const] in [0 ms]
Executed [mlclient::ResponseType mlclient::Response::Impl::parseContentTypeHeader(const std::string &)] in [0 ms]
Executed [mlclient::ResponseType mlclient::Response::Impl::parseContentTypeHeader(const std::string &)] in [0 ms]
Executed [mlclient::Response *mlclient::internals::AuthenticatingProxy::postSync(const std::string &, const std::string &, const mlclient::IDocumentContent &, const mlclient::HttpHeaders &)] in [23 ms]
Executed [virtual mlclient::Response *mlclient::Connection::search(const mlclient::SearchDescription &)] in [24 ms]
Executed [void ConnectionSearchTest::testWordQuery()] in [25 ms]
Executed [static mlclient::ITextDocumentContent *mlclient::utilities::CppRestJsonHelper::toDocument(const web::json::value)] in [0 ms]
Executed [mlclient::ITextDocumentContent *mlclient::SearchDescription::getPayload() const] in [0 ms]
Executed [mlclient::ResponseType mlclient::Response::Impl::parseContentTypeHeader(const std::string &)] in [0 ms]
Executed [mlclient::ResponseType mlclient::Response::Impl::parseContentTypeHeader(const std::string &)] in [0 ms]
Executed [mlclient::Response *mlclient::internals::AuthenticatingProxy::postSync(const std::string &, const std::string &, const mlclient::IDocumentContent &, const mlclient::HttpHeaders &)] in [321 ms]
Executed [virtual mlclient::Response *mlclient::Connection::search(const mlclient::SearchDescription &)] in [321 ms]
Executed [static web::json::value mlclient::utilities::CppRestJsonHelper::fromResponse(const mlclient::Response &)] in [0 ms]
Executed [void SearchBuilderTest::testAll()] in [326 ms]
Executed [mlclient::ITextDocumentContent *mlclient::SearchDescription::getPayload() const] in [0 ms]
Executed [mlclient::ResponseType mlclient::Response::Impl::parseContentTypeHeader(const std::string &)] in [0 ms]
Executed [mlclient::ResponseType mlclient::Response::Impl::parseContentTypeHeader(const std::string &)] in [0 ms]
Executed [mlclient::Response *mlclient::internals::AuthenticatingProxy::postSync(const std::string &, const std::string &, const mlclient::IDocumentContent &, const mlclient::HttpHeaders &)] in [14 ms]
Executed [virtual mlclient::Response *mlclient::Connection::search(const mlclient::SearchDescription &)] in [14 ms]
Executed [static web::json::value mlclient::utilities::CppRestJsonHelper::fromResponse(const mlclient::Response &)] in [0 ms]
Executed [void SearchResultSetTest::testEmptySearch()] in [16 ms]
Executed [mlclient::ITextDocumentContent *mlclient::SearchDescription::getPayload() const] in [0 ms]
Executed [mlclient::ResponseType mlclient::Response::Impl::parseContentTypeHeader(const std::string &)] in [0 ms]
Executed [mlclient::ResponseType mlclient::Response::Impl::parseContentTypeHeader(const std::string &)] in [0 ms]
Executed [mlclient::Response *mlclient::internals::AuthenticatingProxy::postSync(const std::string &, const std::string &, const mlclient::IDocumentContent &, const mlclient::HttpHeaders &)] in [13 ms]
Executed [virtual mlclient::Response *mlclient::Connection::search(const mlclient::SearchDescription &)] in [13 ms]
Executed [static web::json::value mlclient::utilities::CppRestJsonHelper::fromResponse(const mlclient::Response &)] in [0 ms]
Executed [void SearchResultSetTest::testThreePages()] in [15 ms]
Executed [mlclient::ResponseType mlclient::Response::Impl::parseContentTypeHeader(const std::string &)] in [0 ms]
Executed [mlclient::ResponseType mlclient::Response::Impl::parseContentTypeHeader(const std::string &)] in [0 ms]
Executed [mlclient::Response *mlclient::internals::AuthenticatingProxy::postSync(const std::string &, const std::string &, const mlclient::IDocumentContent &, const mlclient::HttpHeaders &)] in [411 ms]
Executed [static web::json::value mlclient::utilities::CppRestJsonHelper::fromResponse(const mlclient::Response &)] in [0 ms]
Executed [void ConnectionCollectionsTest::testListTopLevelCollections()] in [412 ms]
Executed [mlclient::Response *mlclient::internals::AuthenticatingProxy::putSync(const std::string &, const std::string &, const mlclient::IDocumentContent &, const mlclient::HttpHeaders &)] in [374 ms]
Executed [virtual mlclient::Response *mlclient::Connection::saveDocument(const std::string &, const mlclient::IDocumentContent &)] in [374 ms]
Executed [void ConnectionDocumentCrudTest::testSaveJson()] in [374 ms]
Executed [mlclient::ResponseType mlclient::Response::Impl::parseContentTypeHeader(const std::string &)] in [0 ms]
Executed [mlclient::ResponseType mlclient::Response::Impl::parseContentTypeHeader(const std::string &)] in [0 ms]
Executed [mlclient::Response *mlclient::internals::AuthenticatingProxy::getSync(const std::string &, const std::string &, const mlclient::HttpHeaders &)] in [379 ms]
Executed [virtual mlclient::Response *mlclient::Connection::getDocument(const std::string &)] in [379 ms]
Executed [void ConnectionDocumentCrudTest::testGetJson()] in [379 ms]
Executed [mlclient::Response *mlclient::internals::AuthenticatingProxy::deleteSync(const std::string &, const std::string &, const mlclient::HttpHeaders &)] in [4 ms]
Executed [virtual mlclient::Response *mlclient::Connection::deleteDocument(const std::string &)] in [4 ms]
Executed [void ConnectionDocumentCrudTest::testDeleteJson()] in [5 ms]
Executed [mlclient::Response *mlclient::internals::AuthenticatingProxy::putSync(const std::string &, const std::string &, const mlclient::IDocumentContent &, const mlclient::HttpHeaders &)] in [5 ms]
Executed [virtual mlclient::Response *mlclient::Connection::saveDocument(const std::string &, const mlclient::IDocumentContent &)] in [5 ms]
Executed [void ConnectionDocumentCrudTest::testSaveXml()] in [6 ms]
Executed [mlclient::ResponseType mlclient::Response::Impl::parseContentTypeHeader(const std::string &)] in [0 ms]
Executed [mlclient::ResponseType mlclient::Response::Impl::parseContentTypeHeader(const std::string &)] in [0 ms]
Executed [mlclient::Response *mlclient::internals::AuthenticatingProxy::getSync(const std::string &, const std::string &, const mlclient::HttpHeaders &)] in [5 ms]
Executed [virtual mlclient::Response *mlclient::Connection::getDocument(const std::string &)] in [5 ms]
Executed [void ConnectionDocumentCrudTest::testGetXml()] in [6 ms]
Executed [mlclient::Response *mlclient::internals::AuthenticatingProxy::deleteSync(const std::string &, const std::string &, const mlclient::HttpHeaders &)] in [3 ms]
Executed [virtual mlclient::Response *mlclient::Connection::deleteDocument(const std::string &)] in [3 ms]
Executed [void ConnectionDocumentCrudTest::testDeleteXml()] in [3 ms]
Executed [mlclient::Response *mlclient::internals::AuthenticatingProxy::putSync(const std::string &, const std::string &, const mlclient::IDocumentContent &, const mlclient::HttpHeaders &)] in [4 ms]
Executed [virtual mlclient::Response *mlclient::Connection::saveDocument(const std::string &, const mlclient::IDocumentContent &)] in [4 ms]
Executed [void ConnectionDocumentCrudTest::testSaveText()] in [5 ms]
Executed [mlclient::ResponseType mlclient::Response::Impl::parseContentTypeHeader(const std::string &)] in [0 ms]
Executed [mlclient::ResponseType mlclient::Response::Impl::parseContentTypeHeader(const std::string &)] in [0 ms]
Executed [mlclient::Response *mlclient::internals::AuthenticatingProxy::getSync(const std::string &, const std::string &, const mlclient::HttpHeaders &)] in [3 ms]
Executed [virtual mlclient::Response *mlclient::Connection::getDocument(const std::string &)] in [3 ms]
Executed [void ConnectionDocumentCrudTest::testGetText()] in [3 ms]
Executed [mlclient::Response *mlclient::internals::AuthenticatingProxy::deleteSync(const std::string &, const std::string &, const mlclient::HttpHeaders &)] in [2 ms]
Executed [virtual mlclient::Response *mlclient::Connection::deleteDocument(const std::string &)] in [2 ms]
Executed [void ConnectionDocumentCrudTest::testDeleteText()] in [2 ms]
Executed [mlclient::ITextDocumentContent *mlclient::SearchDescription::getPayload() const] in [0 ms]
Executed [mlclient::ResponseType mlclient::Response::Impl::parseContentTypeHeader(const std::string &)] in [0 ms]
Executed [mlclient::ResponseType mlclient::Response::Impl::parseContentTypeHeader(const std::string &)] in [0 ms]
Executed [mlclient::Response *mlclient::internals::AuthenticatingProxy::postSync(const std::string &, const std::string &, const mlclient::IDocumentContent &, const mlclient::HttpHeaders &)] in [1265 ms]
Executed [virtual mlclient::Response *mlclient::Connection::search(const mlclient::SearchDescription &)] in [1265 ms]
Executed [void ConnectionSearchTest::testEmptySearch()] in [1267 ms]
Executed [mlclient::ITextDocumentContent *mlclient::SearchDescription::getPayload() const] in [0 ms]
Executed [mlclient::ResponseType mlclient::Response::Impl::parseContentTypeHeader(const std::string &)] in [0 ms]
Executed [mlclient::ResponseType mlclient::Response::Impl::parseContentTypeHeader(const std::string &)] in [0 ms]
Executed [mlclient::Response *mlclient::internals::AuthenticatingProxy::postSync(const std::string &, const std::string &, const mlclient::IDocumentContent &, const mlclient::HttpHeaders &)] in [21 ms]
Executed [virtual mlclient::Response *mlclient::Connection::search(const mlclient::SearchDescription &)] in [22 ms]
Executed [void ConnectionSearchTest::testQueryText()] in [23 ms]
Executed [mlclient::ITextDocumentContent *mlclient::SearchDescription::getPayload() const] in [0 ms]
Executed [mlclient::ResponseType mlclient::Response::Impl::parseContentTypeHeader(const std::string &)] in [0 ms]
Executed [mlclient::ResponseType mlclient::Response::Impl::parseContentTypeHeader(const std::string &)] in [0 ms]
Executed [mlclient::Response *mlclient::internals::AuthenticatingProxy::postSync(const std::string &, const std::string &, const mlclient::IDocumentContent &, const mlclient::HttpHeaders &)] in [25 ms]
Executed [virtual mlclient::Response *mlclient::Connection::search(const mlclient::SearchDescription &)] in [25 ms]
Executed [void ConnectionSearchTest::testWordQuery()] in [27 ms]
Executed [mlclient::ResponseType mlclient::Response::Impl::parseContentTypeHeader(const std::string &)] in [1 ms]
Executed [mlclient::ResponseType mlclient::Response::Impl::parseContentTypeHeader(const std::string &)] in [0 ms]
Executed [mlclient::Response *mlclient::internals::AuthenticatingProxy::postSync(const std::string &, const std::string &, const mlclient::IDocumentContent &, const mlclient::HttpHeaders &)] in [394 ms]
Executed [static web::json::value mlclient::utilities::CppRestJsonHelper::fromResponse(const mlclient::Response &)] in [0 ms]
Executed [void ConnectionCollectionsTest::testListTopLevelCollections()] in [394 ms]
Executed [mlclient::Response *mlclient::internals::AuthenticatingProxy::putSync(const std::string &, const std::string &, const mlclient::IDocumentContent &, const mlclient::HttpHeaders &)] in [327 ms]
Executed [virtual mlclient::Response *mlclient::Connection::saveDocument(const std::string &, const mlclient::IDocumentContent &)] in [327 ms]
Executed [void ConnectionDocumentCrudTest::testSaveJson()] in [327 ms]
Executed [mlclient::ResponseType mlclient::Response::Impl::parseContentTypeHeader(const std::string &)] in [0 ms]
Executed [mlclient::ResponseType mlclient::Response::Impl::parseContentTypeHeader(const std::string &)] in [0 ms]
Executed [mlclient::Response *mlclient::internals::AuthenticatingProxy::getSync(const std::string &, const std::string &, const mlclient::HttpHeaders &)] in [4 ms]
Executed [virtual mlclient::Response *mlclient::Connection::getDocument(const std::string &)] in [4 ms]
Executed [void ConnectionDocumentCrudTest::testGetJson()] in [5 ms]
Executed [mlclient::Response *mlclient::internals::AuthenticatingProxy::deleteSync(const std::string &, const std::string &, const mlclient::HttpHeaders &)] in [4 ms]
Executed [virtual mlclient::Response *mlclient::Connection::deleteDocument(const std::string &)] in [4 ms]
Executed [void ConnectionDocumentCrudTest::testDeleteJson()] in [4 ms]
Executed [mlclient::Response *mlclient::internals::AuthenticatingProxy::putSync(const std::string &, const std::string &, const mlclient::IDocumentContent &, const mlclient::HttpHeaders &)] in [4 ms]
Executed [virtual mlclient::Response *mlclient::Connection::saveDocument(const std::string &, const mlclient::IDocumentContent &)] in [4 ms]
Executed [void ConnectionDocumentCrudTest::testSaveXml()] in [5 ms]
Executed [mlclient::ResponseType mlclient::Response::Impl::parseContentTypeHeader(const std::string &)] in [0 ms]
Executed [mlclient::ResponseType mlclient::Response::Impl::parseContentTypeHeader(const std::string &)] in [0 ms]
Executed [mlclient::Response *mlclient::internals::AuthenticatingProxy::getSync(const std::string &, const std::string &, const mlclient::HttpHeaders &)] in [3 ms]
Executed [virtual mlclient::Response *mlclient::Connection::getDocument(const std::string &)] in [3 ms]
Executed [void ConnectionDocumentCrudTest::testGetXml()] in [3 ms]
Executed [mlclient::Response *mlclient::internals::AuthenticatingProxy::deleteSync(const std::string &, const std::string &, const mlclient::HttpHeaders &)] in [3 ms]
Executed [virtual mlclient::Response *mlclient::Connection::deleteDocument(const std::string &)] in [3 ms]
Executed [void ConnectionDocumentCrudTest::testDeleteXml()] in [3 ms]
Executed [mlclient::Response *mlclient::internals::AuthenticatingProxy::putSync(const std::string &, const std::string &, const mlclient::IDocumentContent &, const mlclient::HttpHeaders &)] in [3 ms]
Executed [virtual mlclient::Response *mlclient::Connection::saveDocument(const std::string &, const mlclient::IDocumentContent &)] in [3 ms]
Executed [void ConnectionDocumentCrudTest::testSaveText()] in [4 ms]
Executed [mlclient::ResponseType mlclient::Response::Impl::parseContentTypeHeader(const std::string &)] in [0 ms]
Executed [mlclient::ResponseType mlclient::Response::Impl::parseContentTypeHeader(const std::string &)] in [0 ms]
Executed [mlclient::Response *mlclient::internals::AuthenticatingProxy::getSync(const std::string &, const std::string &, const mlclient::HttpHeaders &)] in [5 ms]
Executed [virtual mlclient::Response *mlclient::Connection::getDocument(const std::string &)] in [5 ms]
Executed [void ConnectionDocumentCrudTest::testGetText()] in [6 ms]
Executed [mlclient::Response *mlclient::internals::AuthenticatingProxy::deleteSync(const std::string &, const std::string &, const mlclient::HttpHeaders &)] in [7 ms]
Executed [virtual mlclient::Response *mlclient::Connection::deleteDocument(const std::string &)] in [7 ms]
Executed [void ConnectionDocumentCrudTest::testDeleteText()] in [7 ms]
Executed [mlclient::ITextDocumentContent *mlclient::SearchDescription::getPayload() const] in [0 ms]
Executed [mlclient::ResponseType mlclient::Response::Impl::parseContentTypeHeader(const std::string &)] in [0 ms]
Executed [mlclient::ResponseType mlclient::Response::Impl::parseContentTypeHeader(const std::string &)] in [0 ms]
Executed [mlclient::Response *mlclient::internals::AuthenticatingProxy::postSync(const std::string &, const std::string &, const mlclient::IDocumentContent &, const mlclient::HttpHeaders &)] in [739 ms]
Executed [virtual mlclient::Response *mlclient::Connection::search(const mlclient::SearchDescription &)] in [740 ms]
Executed [void ConnectionSearchTest::testEmptySearch()] in [740 ms]
Executed [mlclient::ITextDocumentContent *mlclient::SearchDescription::getPayload() const] in [0 ms]
Executed [mlclient::ResponseType mlclient::Response::Impl::parseContentTypeHeader(const std::string &)] in [0 ms]
Executed [mlclient::ResponseType mlclient::Response::Impl::parseContentTypeHeader(const std::string &)] in [0 ms]
Executed [mlclient::Response *mlclient::internals::AuthenticatingProxy::postSync(const std::string &, const std::string &, const mlclient::IDocumentContent &, const mlclient::HttpHeaders &)] in [7 ms]
Executed [virtual mlclient::Response *mlclient::Connection::search(const mlclient::SearchDescription &)] in [7 ms]
Executed [void ConnectionSearchTest::testQueryText()] in [7 ms]
Executed [mlclient::ITextDocumentContent *mlclient::SearchDescription::getPayload() const] in [0 ms]
Executed [mlclient::ResponseType mlclient::Response::Impl::parseContentTypeHeader(const std::string &)] in [0 ms]
Executed [mlclient::ResponseType mlclient::Response::Impl::parseContentTypeHeader(const std::string &)] in [0 ms]
Executed [mlclient::Response *mlclient::internals::AuthenticatingProxy::postSync(const std::string &, const std::string &, const mlclient::IDocumentContent &, const mlclient::HttpHeaders &)] in [6 ms]
Executed [virtual mlclient::Response *mlclient::Connection::search(const mlclient::SearchDescription &)] in [6 ms]
Executed [void ConnectionSearchTest::testWordQuery()] in [7 ms]
Executed [mlclient::ResponseType mlclient::Response::Impl::parseContentTypeHeader(const std::string &)] in [0 ms]
Executed [mlclient::ResponseType mlclient::Response::Impl::parseContentTypeHeader(const std::string &)] in [0 ms]
Executed [mlclient::Response *mlclient::internals::AuthenticatingProxy::postSync(const std::string &, const std::string &, const mlclient::IDocumentContent &, const mlclient::HttpHeaders &)] in [20 ms]
Executed [static web::json::value mlclient::utilities::CppRestJsonHelper::fromResponse(const mlclient::Response &)] in [0 ms]
Executed [void ConnectionCollectionsTest::testListTopLevelCollections()] in [21 ms]
Executed [mlclient::Response *mlclient::internals::AuthenticatingProxy::putSync(const std::string &, const std::string &, const mlclient::IDocumentContent &, const mlclient::HttpHeaders &)] in [14 ms]
Executed [virtual mlclient::Response *mlclient::Connection::saveDocument(const std::string &, const mlclient::IDocumentContent &)] in [15 ms]
Executed [void ConnectionDocumentCrudTest::testSaveJson()] in [15 ms]
Executed [mlclient::ResponseType mlclient::Response::Impl::parseContentTypeHeader(const std::string &)] in [0 ms]
Executed [mlclient::ResponseType mlclient::Response::Impl::parseContentTypeHeader(const std::string &)] in [0 ms]
Executed [mlclient::Response *mlclient::internals::AuthenticatingProxy::getSync(const std::string &, const std::string &, const mlclient::HttpHeaders &)] in [3 ms]
Executed [virtual mlclient::Response *mlclient::Connection::getDocument(const std::string &)] in [3 ms]
Executed [void ConnectionDocumentCrudTest::testGetJson()] in [3 ms]
Executed [mlclient::Response *mlclient::internals::AuthenticatingProxy::deleteSync(const std::string &, const std::string &, const mlclient::HttpHeaders &)] in [3 ms]
Executed [virtual mlclient::Response *mlclient::Connection::deleteDocument(const std::string &)] in [3 ms]
Executed [void ConnectionDocumentCrudTest::testDeleteJson()] in [3 ms]
Executed [mlclient::Response *mlclient::internals::AuthenticatingProxy::putSync(const std::string &, const std::string &, const mlclient::IDocumentContent &, const mlclient::HttpHeaders &)] in [4 ms]
Executed [virtual mlclient::Response *mlclient::Connection::saveDocument(const std::string &, const mlclient::IDocumentContent &)] in [4 ms]
Executed [void ConnectionDocumentCrudTest::testSaveXml()] in [4 ms]
Executed [mlclient::ResponseType mlclient::Response::Impl::parseContentTypeHeader(const std::string &)] in [0 ms]
Executed [mlclient::ResponseType mlclient::Response::Impl::parseContentTypeHeader(const std::string &)] in [0 ms]
Executed [mlclient::Response *mlclient::internals::AuthenticatingProxy::getSync(const std::string &, const std::string &, const mlclient::HttpHeaders &)] in [4 ms]
Executed [virtual mlclient::Response *mlclient::Connection::getDocument(const std::string &)] in [4 ms]
Executed [void ConnectionDocumentCrudTest::testGetXml()] in [4 ms]
Executed [mlclient::Response *mlclient::internals::AuthenticatingProxy::deleteSync(const std::string &, const std::string &, const mlclient::HttpHeaders &)] in [2 ms]
Executed [virtual mlclient::Response *mlclient::Connection::deleteDocument(const std::string &)] in [2 ms]
Executed [void ConnectionDocumentCrudTest::testDeleteXml()] in [2 ms]
Executed [mlclient::Response *mlclient::internals::AuthenticatingProxy::putSync(const std::string &, const std::string &, const mlclient::IDocumentContent &, const mlclient::HttpHeaders &)] in [3 ms]
Executed [virtual mlclient::Response *mlclient::Connection::saveDocument(const std::string &, const mlclient::IDocumentContent &)] in [3 ms]
Executed [void ConnectionDocumentCrudTest::testSaveText()] in [3 ms]
Executed [mlclient::ResponseType mlclient::Response::Impl::parseContentTypeHeader(const std::string &)] in [0 ms]
Executed [mlclient::ResponseType mlclient::Response::Impl::parseContentTypeHeader(const std::string &)] in [0 ms]
Executed [mlclient::Response *mlclient::internals::AuthenticatingProxy::getSync(const std::string &, const std::string &, const mlclient::HttpHeaders &)] in [2 ms]
Executed [virtual mlclient::Response *mlclient::Connection::getDocument(const std::string &)] in [2 ms]
Executed [void ConnectionDocumentCrudTest::testGetText()] in [3 ms]
Executed [mlclient::Response *mlclient::internals::AuthenticatingProxy::deleteSync(const std::string &, const std::string &, const mlclient::HttpHeaders &)] in [2 ms]
Executed [virtual mlclient::Response *mlclient::Connection::deleteDocument(const std::string &)] in [3 ms]
Executed [void ConnectionDocumentCrudTest::testDeleteText()] in [3 ms]
Executed [mlclient::ITextDocumentContent *mlclient::SearchDescription::getPayload() const] in [0 ms]
Executed [mlclient::ResponseType mlclient::Response::Impl::parseContentTypeHeader(const std::string &)] in [0 ms]
Executed [mlclient::ResponseType mlclient::Response::Impl::parseContentTypeHeader(const std::string &)] in [0 ms]
Executed [mlclient::Response *mlclient::internals::AuthenticatingProxy::postSync(const std::string &, const std::string &, const mlclient::IDocumentContent &, const mlclient::HttpHeaders &)] in [6 ms]
Executed [virtual mlclient::Response *mlclient::Connection::search(const mlclient::SearchDescription &)] in [6 ms]
Executed [void ConnectionSearchTest::testEmptySearch()] in [7 ms]
Executed [mlclient::ITextDocumentContent *mlclient::SearchDescription::getPayload() const] in [0 ms]
Executed [mlclient::ResponseType mlclient::Response::Impl::parseContentTypeHeader(const std::string &)] in [0 ms]
Executed [mlclient::ResponseType mlclient::Response::Impl::parseContentTypeHeader(const std::string &)] in [0 ms]
Executed [mlclient::Response *mlclient::internals::AuthenticatingProxy::postSync(const std::string &, const std::string &, const mlclient::IDocumentContent &, const mlclient::HttpHeaders &)] in [5 ms]
Executed [virtual mlclient::Response *mlclient::Connection::search(const mlclient::SearchDescription &)] in [5 ms]
Executed [void ConnectionSearchTest::testQueryText()] in [6 ms]
Executed [mlclient::ITextDocumentContent *mlclient::SearchDescription::getPayload() const] in [0 ms]
Executed [mlclient::ResponseType mlclient::Response::Impl::parseContentTypeHeader(const std::string &)] in [0 ms]
Executed [mlclient::ResponseType mlclient::Response::Impl::parseContentTypeHeader(const std::string &)] in [0 ms]
Executed [mlclient::Response *mlclient::internals::AuthenticatingProxy::postSync(const std::string &, const std::string &, const mlclient::IDocumentContent &, const mlclient::HttpHeaders &)] in [5 ms]
Executed [virtual mlclient::Response *mlclient::Connection::search(const mlclient::SearchDescription &)] in [5 ms]
Executed [void ConnectionSearchTest::testWordQuery()] in [6 ms]
